0.2
0.939
0.809
0.689
0.27
0.621
0.125
0.264
0.495
0.306
0.469
0.383
0.77
0.671
0.253
0.507
0.217
0.525
0.572
0.021
841.0
89.0
820.0
122.0
744.0
797.0
361.0
259.0
19.0
435.0
0.2
0.939
0.809
0.689
0.27
0.621
0.125
0.264
0.495
0.306
0.469
0.383
0.77
0.671
0.253
0.507
0.217
0.525
0.572
0.021
1.888576258114E-312
2.58883486903E-312
1.691230645767E-311
5.495969100384E-312
9.230681690793E-312
8.163614890673304E-309
4.700560201197913E-309
7.53614073538527E-309
1.948183115961706E-308
6.86940965847209E-309
2.0388114341381995E-308
5.06552225626723E-309
1.097375269576201E-308
3.192521451683723E-309
7.406062391480644E-309
3.70373147091146E-310
1.027385486588687E-309
8.834526300000115E-309
8.54678367190432E-309
6.72918817531749E-309
2.42433775469169E-309
2.162143953463133E-309
5.1441422214996E-310
5.611023714651674E-309
1.158567262072911E-308
1.8218479743207986E-308
1.247799307432435E-308
3.769555765990685E-309
9.76767394560258E-309
6.815192663808697E-309
